<?xml version="1.0" encoding="UTF-8"?>
<!-- Generated by org.testng.reporters.JUnitReportReporter -->
<testsuite hostname="DALMACC02LW1JVFD58-2.local" name="com.anuradha.searchapi.searchApiTest" tests="2" failures="0" timestamp="28 Oct 2016 07:14:43 GMT" time="2.663" errors="0">
  <testcase name="test_resultcount" time="2.477" classname="com.anuradha.searchapi.searchApiTest"/>
  <testcase name="test_status" time="0.186" classname="com.anuradha.searchapi.searchApiTest"/>
</testsuite> <!-- com.anuradha.searchapi.searchApiTest -->
