<?xml version="1.0" encoding="UTF-8"?>
<!-- Generated by org.testng.reporters.JUnitReportReporter -->
<testsuite hostname="DALMACC02LW1JVFD58-2.local" name="com.anuradha.searchapi.AppTest" tests="1" failures="0" timestamp="28 Oct 2016 07:14:43 GMT" time="0.001" errors="0">
  <testcase name="testApp" time="0.001" classname="com.anuradha.searchapi.AppTest"/>
</testsuite> <!-- com.anuradha.searchapi.AppTest -->
