<?xml version="1.0" encoding="UTF-8"?>
<!-- Generated by org.testng.reporters.JUnitReportReporter -->
<testsuite hostname="DALMACC02LW1JVFD58-2.local" name="com.anuradha.searchapi.searchApiTest" tests="9" failures="0" timestamp="28 Oct 2016 07:50:18 GMT" time="9.931" errors="0">
  <testcase name="test_term_limit_max_resultcount" time="2.807" classname="com.anuradha.searchapi.searchApiTest"/>
  <testcase name="test_results_size" time="0.736" classname="com.anuradha.searchapi.searchApiTest"/>
  <testcase name="test_term_limit_resultcount" time="1.382" classname="com.anuradha.searchapi.searchApiTest"/>
  <testcase name="test_term_country" time="1.017" classname="com.anuradha.searchapi.searchApiTest"/>
  <testcase name="test_term_media_invalid" time="0.320" classname="com.anuradha.searchapi.searchApiTest"/>
  <testcase name="test_term_country_invalid" time="0.475" classname="com.anuradha.searchapi.searchApiTest"/>
  <testcase name="test_term_media" time="0.873" classname="com.anuradha.searchapi.searchApiTest"/>
  <testcase name="test_resultcount" time="2.178" classname="com.anuradha.searchapi.searchApiTest"/>
  <testcase name="test_status" time="0.143" classname="com.anuradha.searchapi.searchApiTest"/>
</testsuite> <!-- com.anuradha.searchapi.searchApiTest -->
